0 info it worked if it ends with ok
1 verbose cli [ '/Users/leekaming/.nvm/versions/node/v6.13.1/bin/node',
1 verbose cli   '/Users/leekaming/.nvm/versions/node/v6.13.1/bin/npm',
1 verbose cli   'start' ]
2 info using npm@3.10.10
3 info using node@v6.13.1
4 verbose run-script [ 'prestart', 'start', 'poststart' ]
5 info lifecycle aquarium-store-dashboard@0.0.0~prestart: aquarium-store-dashboard@0.0.0
6 silly lifecycle aquarium-store-dashboard@0.0.0~prestart: no script for prestart, continuing
7 info lifecycle aquarium-store-dashboard@0.0.0~start: aquarium-store-dashboard@0.0.0
8 verbose lifecycle aquarium-store-dashboard@0.0.0~start: unsafe-perm in lifecycle true
9 verbose lifecycle aquarium-store-dashboard@0.0.0~start: PATH: /Users/leekaming/.nvm/versions/node/v6.13.1/lib/node_modules/npm/bin/node-gyp-bin:/Users/leekaming/workspace/merlin-thailand/aquarium-store/dashboard/node_modules/.bin:/Users/leekaming/.nvm/versions/node/v6.13.1/bin:/Library/Frameworks/Python.framework/Versions/3.5/bin:/Library/Frameworks/Python.framework/Versions/3.7/bin:/Applications/Postgres.app/Contents/Versions/9.5/bin:/usr/local/bin:/usr/bin:/bin:/usr/sbin:/sbin
10 verbose lifecycle aquarium-store-dashboard@0.0.0~start: CWD: /Users/leekaming/workspace/merlin-thailand/aquarium-store/dashboard
11 silly lifecycle aquarium-store-dashboard@0.0.0~start: Args: [ '-c', 'npm run i18n && react-app-rewired start' ]
12 silly lifecycle aquarium-store-dashboard@0.0.0~start: Returned: code: 1  signal: null
13 info lifecycle aquarium-store-dashboard@0.0.0~start: Failed to exec start script
14 verbose stack Error: aquarium-store-dashboard@0.0.0 start: `npm run i18n && react-app-rewired start`
14 verbose stack Exit status 1
14 verbose stack     at EventEmitter.<anonymous> (/Users/leekaming/.nvm/versions/node/v6.13.1/lib/node_modules/npm/lib/utils/lifecycle.js:255:16)
14 verbose stack     at emitTwo (events.js:106:13)
14 verbose stack     at EventEmitter.emit (events.js:191:7)
14 verbose stack     at ChildProcess.<anonymous> (/Users/leekaming/.nvm/versions/node/v6.13.1/lib/node_modules/npm/lib/utils/spawn.js:40:14)
14 verbose stack     at emitTwo (events.js:106:13)
14 verbose stack     at ChildProcess.emit (events.js:191:7)
14 verbose stack     at maybeClose (internal/child_process.js:920:16)
14 verbose stack     at Process.ChildProcess._handle.onexit (internal/child_process.js:230:5)
15 verbose pkgid aquarium-store-dashboard@0.0.0
16 verbose cwd /Users/leekaming/workspace/merlin-thailand/aquarium-store/dashboard
17 error Darwin 18.5.0
18 error argv "/Users/leekaming/.nvm/versions/node/v6.13.1/bin/node" "/Users/leekaming/.nvm/versions/node/v6.13.1/bin/npm" "start"
19 error node v6.13.1
20 error npm  v3.10.10
21 error code ELIFECYCLE
22 error aquarium-store-dashboard@0.0.0 start: `npm run i18n && react-app-rewired start`
22 error Exit status 1
23 error Failed at the aquarium-store-dashboard@0.0.0 start script 'npm run i18n && react-app-rewired start'.
23 error Make sure you have the latest version of node.js and npm installed.
23 error If you do, this is most likely a problem with the aquarium-store-dashboard package,
23 error not with npm itself.
23 error Tell the author that this fails on your system:
23 error     npm run i18n && react-app-rewired start
23 error You can get information on how to open an issue for this project with:
23 error     npm bugs aquarium-store-dashboard
23 error Or if that isn't available, you can get their info via:
23 error     npm owner ls aquarium-store-dashboard
23 error There is likely additional logging output above.
24 verbose exit [ 1, true ]
